<?xml version="1.0" encoding="UTF-8"?>
<!-- Generated by org.testng.reporters.JUnitReportReporter -->
<testsuite hostname="HEMANTHVANI" failures="0" tests="1" name="Academy.validatePageLogo" time="4.020" errors="0" timestamp="2020-12-10T12:01:56 IST" skipped="0">
  <testcase classname="Academy.validatePageLogo" name="validatePageTitle" time="4.020"/>
  <system-out/>
</testsuite> <!-- Academy.validatePageLogo -->
