<?xml version="1.0" encoding="UTF-8"?>
<!-- Generated by org.testng.reporters.JUnitReportReporter -->
<testsuite hostname="HEMANTHVANI" failures="0" tests="2" name="Academy.validateTitle" time="0.221" errors="0" timestamp="2020-12-10T12:01:56 IST" skipped="0">
  <testcase classname="Academy.validateTitle" name="titleValidation" time="0.108"/>
  <system-out/>
  <testcase classname="Academy.validateTitle" name="validateEnperpriseText" time="0.113"/>
  <system-out/>
</testsuite> <!-- Academy.validateTitle -->
