<?xml version="1.0" encoding="UTF-8"?>
<!-- Generated by org.testng.reporters.JUnitReportReporter -->
<testsuite hostname="HEMANTHVANI" failures="0" tests="2" name="Academy.validateTitle" time="0.213" errors="0" timestamp="2020-12-10T19:31:00 IST" skipped="0">
  <testcase classname="Academy.validateTitle" name="titleValidation" time="0.134"/>
  <system-out/>
  <testcase classname="Academy.validateTitle" name="validateEnperpriseText" time="0.079"/>
  <system-out/>
</testsuite> <!-- Academy.validateTitle -->
