<?xml version="1.0" encoding="UTF-8"?>
<!-- Generated by org.testng.reporters.JUnitReportReporter -->
<testsuite hostname="HEMANTHVANI" failures="0" tests="2" name="Academy.HomePage" time="36.151" errors="0" timestamp="2020-12-10T19:31:00 IST" skipped="0">
  <testcase classname="Academy.HomePage" name="basePageNavigation" time="6.422"/>
  <system-out/>
  <testcase classname="Academy.HomePage" name="basePageNavigation" time="29.729"/>
  <system-out/>
</testsuite> <!-- Academy.HomePage -->
