<?xml version="1.0" encoding="UTF-8"?>
<!-- Generated by org.testng.reporters.JUnitReportReporter -->
<testsuite hostname="HEMANTHVANI" failures="0" tests="1" name="Academy.validatePageLogo" time="0.612" errors="0" timestamp="2020-12-10T19:31:00 IST" skipped="0">
  <testcase classname="Academy.validatePageLogo" name="validatePageTitle" time="0.612"/>
  <system-out/>
</testsuite> <!-- Academy.validatePageLogo -->
